Active-HDL 12.0.118.7745 2026-06-09 16:13:50

Elaboration top modules:
Architecture                  Behavioral(mux4to1)


--------------------------------------------------------------------------------------------------
Entity    | Architecture | Library         | Info | Compiler Version        | Compilation Options
--------------------------------------------------------------------------------------------------
mux4to1   | Behavioral   | riscv_processor |      | 12.0.118.7745 (Windows) | -O3
mux2to1   | Behavioral   | riscv_processor |      | 12.0.118.7745 (Windows) | -O3
not_gate  | Behavioral   | riscv_processor |      | 12.0.118.7745 (Windows) | -O3
and_gate  | Behavioral   | riscv_processor |      | 12.0.118.7745 (Windows) | -O3
or_gate   | Behavioral   | riscv_processor |      | 12.0.118.7745 (Windows) | -O3
nand_gate | Behavioral   | riscv_processor |      | 12.0.118.7745 (Windows) | -O3
--------------------------------------------------------------------------------------------------

--------------------------------------------------------------------------------------------------
VHDL Package             | Library         | Info | Compiler Version        | Compilation Options
--------------------------------------------------------------------------------------------------
standard                 | std             |      |                         | <unavailable>
TEXTIO                   | std             |      |                         | <unavailable>
std_logic_1164           | ieee            |      |                         | <unavailable>
--------------------------------------------------------------------------------------------------

--------------------------------------------------------------------------------------------------
Library                  | Comment
--------------------------------------------------------------------------------------------------
ieee                     | Standard IEEE packages library
riscv_processor          | None
std                      | Standard VHDL library
--------------------------------------------------------------------------------------------------
